2020-08-26 12:06:44 /Applications/CocosCreator/Creator3D/1.1.2/CocosCreator3D.app/Contents/Resources/tools/lightmap-tools/LightFX http://127.0.0.1:8000 
2020-08-26 12:06:44 -:Building meshes
2020-08-26 12:06:44 -:Building terrain
2020-08-26 12:06:44 -:Building bv scene
2020-08-26 12:06:45 Start 0

2020-08-26 12:06:45 DirectLighting 25

2020-08-26 12:06:45 DirectLighting 50

2020-08-26 12:06:45 DirectLighting 75

2020-08-26 12:06:45 DirectLighting 100

2020-08-26 12:06:45 IndirectLighting 25

2020-08-26 12:06:45 IndirectLighting 50

2020-08-26 12:06:45 IndirectLighting 75

2020-08-26 12:06:45  25

2020-08-26 12:06:47  50

2020-08-26 12:06:47  75

2020-08-26 12:06:47  100

2020-08-26 12:06:47 Post Process 25

2020-08-26 12:06:47 Post Process 50

2020-08-26 12:06:47 Post Process 75

2020-08-26 12:06:47 Pack terrain 0 blocks 0 0 1 1
