2020-09-11 09:50:22-log: [Package] ui-kit@1.0.0 enable
2020-09-11 09:50:22-log: [Package] ipc@1.0.0 enable
2020-09-11 09:50:22-log: [Package] tester@1.0.0 enable
2020-09-11 09:50:22-log: [Package] preferences@1.0.0 enable
2020-09-11 09:50:23-log: [Package] engine@1.0.0 enable
2020-09-11 09:50:23-log: [Package] asset-db@1.0.0 enable
2020-09-11 09:50:23-log: [Package] console@1.0.0 enable
2020-09-11 09:50:23-log: [Package] scene@1.0.0 enable
2020-09-11 09:50:23-log: [Package] packager@1.0.0 enable
2020-09-11 09:50:23-log: [Package] project-setting@1.0.0 enable
2020-09-11 09:50:23-log: [Package] about@1.0.0 enable
2020-09-11 09:50:23-log: [Package] server@1.0.0 enable
2020-09-11 09:50:23-log: [Package] utils@1.0.0 enable
2020-09-11 09:50:23-log: [Package] profile@1.0.0 enable
2020-09-11 09:50:23-log: [Package] assets@1.0.0 enable
2020-09-11 09:50:23-log: [Package] inspector@1.0.0 enable
2020-09-11 09:50:23-log: [Package] hierarchy@1.0.0 enable
2020-09-11 09:50:23-log: [Package] preview@1.0.0 enable
2020-09-11 09:50:23-log: [Package] animator@1.0.0 enable
2020-09-11 09:50:24-log: [Package] builder@1.0.0 enable
2020-09-11 09:50:24-log: [Package] lightmap@1.0.0 enable
2020-09-11 09:50:24-log: [Package] alipay-mini-game@1.0.0 enable
2020-09-11 09:50:24-log: [Package] android@1.0.0 enable
2020-09-11 09:50:24-log: [Package] cocos-play@1.0.0 enable
2020-09-11 09:50:24-log: [Package] huawei-mini-game@1.0.0 enable
2020-09-11 09:50:24-log: [Package] baidu-mini-game@1.0.0 enable
2020-09-11 09:50:24-log: [Package] ios@1.0.0 enable
2020-09-11 09:50:24-log: [Package] mac@1.0.0 enable
2020-09-11 09:50:24-log: [Package] bytedance-mini-game@1.0.0 enable
2020-09-11 09:50:24-log: [Package] native@1.0.0 enable
2020-09-11 09:50:24-log: [Package] oppo-mini-game@1.0.0 enable
2020-09-11 09:50:24-log: [Package] vivo-mini-game@1.0.0 enable
2020-09-11 09:50:24-log: [Package] web-mobile@1.0.0 enable
2020-09-11 09:50:24-log: [Package] web-desktop@1.0.0 enable
2020-09-11 09:50:24-log: [Package] wechatgame@1.0.0 enable
2020-09-11 09:50:24-log: [Package] windows@1.0.0 enable
2020-09-11 09:50:24-log: [Package] xiaomi-quick-game@1.0.0 enable
2020-09-11 09:51:03-info: asset(D:\workspace\c3dlearn\c3dtowerdefence\assets\Scenes\scene.scene) saved
2020-09-11 09:56:05-info: asset(D:\workspace\c3dlearn\c3dtowerdefence\assets\Scenes\scene.scene) saved
2020-09-11 09:58:28-warn: [Asset DB] Browserslist: caniuse-lite is outdated. Please run the following command: `npx browserslist --update-db`
2020-09-11 09:58:30-info: asset(D:\workspace\c3dlearn\c3dtowerdefence\assets\Scenes\scene.scene) saved
2020-09-11 09:59:02-info: asset meta saved
2020-09-11 09:59:03-info: asset(D:\workspace\c3dlearn\c3dtowerdefence\assets\Prefab\UI\UpdateTowerUI.prefab) saved
2020-09-11 09:59:18-info: asset(D:\workspace\c3dlearn\c3dtowerdefence\assets\Prefab\UI\UpdateTowerUI.prefab) saved
2020-09-11 09:59:19-info: asset(D:\workspace\c3dlearn\c3dtowerdefence\assets\Prefab\UI\UpdateTowerUI.prefab) saved
2020-09-11 09:59:21-info: asset(D:\workspace\c3dlearn\c3dtowerdefence\assets\Prefab\UI\UpdateTowerUI.prefab) saved
2020-09-11 10:20:55-info: asset(D:\workspace\c3dlearn\c3dtowerdefence\assets\Prefab\UI\UpdateTowerUI.prefab) saved
2020-09-11 10:22:11-info: asset(D:\workspace\c3dlearn\c3dtowerdefence\assets\Prefab\UI\UpdateTowerUI.prefab) saved
2020-09-11 10:23:21-info: asset(D:\workspace\c3dlearn\c3dtowerdefence\assets\Prefab\UI\UpdateTowerUI.prefab) saved
2020-09-11 10:28:46-info: asset(D:\workspace\c3dlearn\c3dtowerdefence\assets\Prefab\UI\UpdateTowerUI.prefab) saved
2020-09-11 10:29:16-info: asset(D:\workspace\c3dlearn\c3dtowerdefence\assets\Prefab\UI\UpdateTowerUI.prefab) saved
2020-09-11 10:30:40-info: asset(D:\workspace\c3dlearn\c3dtowerdefence\assets\Prefab\UI\UpdateTowerUI.prefab) saved
2020-09-11 10:31:31-info: asset(D:\workspace\c3dlearn\c3dtowerdefence\assets\Prefab\UI\UpdateTowerUI.prefab) saved
2020-09-11 10:31:32-info: asset(D:\workspace\c3dlearn\c3dtowerdefence\assets\Prefab\UI\UpdateTowerUI.prefab) saved
2020-09-11 10:31:48-info: asset(D:\workspace\c3dlearn\c3dtowerdefence\assets\Prefab\UI\UpdateTowerUI.prefab) saved
2020-09-11 10:31:49-info: asset(D:\workspace\c3dlearn\c3dtowerdefence\assets\Prefab\UI\UpdateTowerUI.prefab) saved
2020-09-11 10:33:15-info: asset(D:\workspace\c3dlearn\c3dtowerdefence\assets\Prefab\UI\UpdateTowerUI.prefab) saved
2020-09-11 10:35:13-info: asset(D:\workspace\c3dlearn\c3dtowerdefence\assets\Prefab\UI\UpdateTowerUI.prefab) saved
2020-09-11 10:38:41-info: asset(D:\workspace\c3dlearn\c3dtowerdefence\assets\Prefab\UI\UpdateTowerUI.prefab) saved
2020-09-11 10:40:38-info: asset(D:\workspace\c3dlearn\c3dtowerdefence\assets\Prefab\UI\UpdateTowerUI.prefab) saved
2020-09-11 10:42:28-info: asset(D:\workspace\c3dlearn\c3dtowerdefence\assets\Prefab\UI\UpdateTowerUI.prefab) saved
2020-09-11 10:43:48-info: asset(D:\workspace\c3dlearn\c3dtowerdefence\assets\Prefab\UI\UpdateTowerUI.prefab) saved
2020-09-11 10:43:51-info: asset(D:\workspace\c3dlearn\c3dtowerdefence\assets\Scenes\scene.scene) saved
2020-09-11 10:45:36-info: asset(D:\workspace\c3dlearn\c3dtowerdefence\assets\Scenes\scene.scene) saved
2020-09-11 10:45:58-error: [preview-error]Uncaught TypeError: Cannot read property 'length' of null in http://localhost:7456/scripting/engine/cocos/core/scene-graph/base-node.js
2020-09-11 10:46:38-info: asset(D:\workspace\c3dlearn\c3dtowerdefence\assets\Scenes\scene.scene) saved
2020-09-11 10:47:09-error: [preview-error]Uncaught TypeError: Cannot read property 'length' of null in http://localhost:7456/scripting/engine/cocos/core/scene-graph/base-node.js
2020-09-11 10:47:10-error: [preview-error]Uncaught TypeError: Cannot read property 'length' of null in http://localhost:7456/scripting/engine/cocos/core/scene-graph/base-node.js
2020-09-11 10:51:40-info: asset(D:\workspace\c3dlearn\c3dtowerdefence\assets\Scenes\scene.scene) saved
2020-09-11 10:52:11-error: [preview-error]Uncaught TypeError: Cannot read property 'length' of null in http://localhost:7456/scripting/engine/cocos/core/scene-graph/base-node.js
2020-09-11 10:53:10-info: asset(D:\workspace\c3dlearn\c3dtowerdefence\assets\Scenes\scene.scene) saved
2020-09-11 10:59:26-info: asset(D:\workspace\c3dlearn\c3dtowerdefence\assets\Scenes\scene.scene) saved
2020-09-11 11:25:30-info: asset(D:\workspace\c3dlearn\c3dtowerdefence\assets\Scenes\scene.scene) saved
2020-09-11 11:26:15-info: asset(D:\workspace\c3dlearn\c3dtowerdefence\assets\Scenes\scene.scene) saved
2020-09-11 11:26:36-info: asset(D:\workspace\c3dlearn\c3dtowerdefence\assets\Scenes\scene.scene) saved
2020-09-11 11:27:11-info: asset(D:\workspace\c3dlearn\c3dtowerdefence\assets\Scenes\scene.scene) saved
2020-09-11 11:27:37-info: asset(D:\workspace\c3dlearn\c3dtowerdefence\assets\Scenes\scene.scene) saved
2020-09-11 11:28:31-info: asset(D:\workspace\c3dlearn\c3dtowerdefence\assets\Scenes\scene.scene) saved
2020-09-11 11:29:46-info: asset(D:\workspace\c3dlearn\c3dtowerdefence\assets\Scenes\scene.scene) saved
2020-09-11 11:30:50-info: asset(D:\workspace\c3dlearn\c3dtowerdefence\assets\Scenes\scene.scene) saved
2020-09-11 11:31:35-info: asset(D:\workspace\c3dlearn\c3dtowerdefence\assets\Scenes\scene.scene) saved
2020-09-11 11:32:23-info: asset(D:\workspace\c3dlearn\c3dtowerdefence\assets\Scenes\scene.scene) saved
2020-09-11 11:59:52-info: asset(D:\workspace\c3dlearn\c3dtowerdefence\assets\Scenes\scene.scene) saved
2020-09-11 12:00:42-info: asset(D:\workspace\c3dlearn\c3dtowerdefence\assets\Scenes\scene.scene) saved
2020-09-11 12:01:14-info: asset(D:\workspace\c3dlearn\c3dtowerdefence\assets\Scenes\scene.scene) saved
2020-09-11 12:01:33-info: asset(D:\workspace\c3dlearn\c3dtowerdefence\assets\Scenes\scene.scene) saved
2020-09-11 12:02:23-info: asset(D:\workspace\c3dlearn\c3dtowerdefence\assets\Scenes\scene.scene) saved
2020-09-11 12:02:49-info: asset(D:\workspace\c3dlearn\c3dtowerdefence\assets\Scenes\scene.scene) saved
2020-09-11 12:04:03-info: asset(D:\workspace\c3dlearn\c3dtowerdefence\assets\Scenes\scene.scene) saved
2020-09-11 12:04:27-info: asset(D:\workspace\c3dlearn\c3dtowerdefence\assets\Scenes\scene.scene) saved
2020-09-11 12:05:42-info: asset(D:\workspace\c3dlearn\c3dtowerdefence\assets\Scenes\scene.scene) saved
2020-09-11 12:06:04-info: asset(D:\workspace\c3dlearn\c3dtowerdefence\assets\Scenes\scene.scene) saved
2020-09-11 12:06:23-info: asset(D:\workspace\c3dlearn\c3dtowerdefence\assets\Scenes\scene.scene) saved
2020-09-11 12:06:44-info: asset(D:\workspace\c3dlearn\c3dtowerdefence\assets\Scenes\scene.scene) saved
2020-09-11 12:07:08-info: asset(D:\workspace\c3dlearn\c3dtowerdefence\assets\Scenes\scene.scene) saved
2020-09-11 12:07:33-info: asset(D:\workspace\c3dlearn\c3dtowerdefence\assets\Scenes\scene.scene) saved
2020-09-11 12:08:00-info: asset(D:\workspace\c3dlearn\c3dtowerdefence\assets\Scenes\scene.scene) saved
2020-09-11 12:08:24-info: asset(D:\workspace\c3dlearn\c3dtowerdefence\assets\Scenes\scene.scene) saved
2020-09-11 12:08:49-info: asset(D:\workspace\c3dlearn\c3dtowerdefence\assets\Scenes\scene.scene) saved
2020-09-11 12:09:10-info: asset(D:\workspace\c3dlearn\c3dtowerdefence\assets\Scenes\scene.scene) saved
2020-09-11 12:10:23-info: asset(D:\workspace\c3dlearn\c3dtowerdefence\assets\Scenes\scene.scene) saved
2020-09-11 12:13:24-info: asset(D:\workspace\c3dlearn\c3dtowerdefence\assets\Scenes\scene.scene) saved
2020-09-11 12:14:11-info: asset(D:\workspace\c3dlearn\c3dtowerdefence\assets\Scenes\scene.scene) saved
2020-09-11 12:18:25-info: asset(D:\workspace\c3dlearn\c3dtowerdefence\assets\Scenes\scene.scene) saved
2020-09-11 12:19:32-info: asset(D:\workspace\c3dlearn\c3dtowerdefence\assets\Scenes\scene.scene) saved
2020-09-11 12:27:02-info: asset(D:\workspace\c3dlearn\c3dtowerdefence\assets\Scenes\scene.scene) saved
2020-09-11 12:27:58-info: asset(D:\workspace\c3dlearn\c3dtowerdefence\assets\Scenes\scene.scene) saved
2020-09-11 12:28:35-info: asset(D:\workspace\c3dlearn\c3dtowerdefence\assets\Scenes\scene.scene) saved
2020-09-11 12:30:14-info: asset(D:\workspace\c3dlearn\c3dtowerdefence\assets\Scenes\scene.scene) saved
2020-09-11 12:31:06-info: asset(D:\workspace\c3dlearn\c3dtowerdefence\assets\Scenes\scene.scene) saved
2020-09-11 12:32:34-info: asset(D:\workspace\c3dlearn\c3dtowerdefence\assets\Scenes\scene.scene) saved
2020-09-11 12:33:16-info: asset(D:\workspace\c3dlearn\c3dtowerdefence\assets\Scenes\scene.scene) saved
2020-09-11 12:33:40-info: asset(D:\workspace\c3dlearn\c3dtowerdefence\assets\Scenes\scene.scene) saved
2020-09-11 12:33:41-info: asset(D:\workspace\c3dlearn\c3dtowerdefence\assets\Scenes\scene.scene) saved
2020-09-11 12:34:13-info: asset(D:\workspace\c3dlearn\c3dtowerdefence\assets\Scenes\scene.scene) saved
2020-09-11 12:34:55-info: asset(D:\workspace\c3dlearn\c3dtowerdefence\assets\Scenes\scene.scene) saved
2020-09-11 12:36:37-info: asset(D:\workspace\c3dlearn\c3dtowerdefence\assets\Scenes\scene.scene) saved
